/*C5*/SET SCHEMA PUBLIC
DELETE FROM HISTDATA WHERE PK=0 AND DATE='2017-09-01' AND OPEN=74.70999908447266E0 AND HIGHT=74.73999786376953E0 AND LOW=73.63999938964844E0 AND CLOSE=73.94000244140625E0 AND VOLUME=2.173616E7
DELETE FROM HISTDATA WHERE PK=0 AND DATE='2017-08-31' AND OPEN=74.02999877929688E0 AND HIGHT=74.95999908447266E0 AND LOW=73.80000305175781E0 AND CLOSE=74.7699966430664E0 AND VOLUME=2.7652812E7
DELETE FROM HISTDATA WHERE PK=0 AND DATE='2017-08-30' AND OPEN=73.01000213623047E0 AND HIGHT=74.20999908447266E0 AND LOW=72.83000183105469E0 AND CLOSE=74.01000213623047E0 AND VOLUME=1.68978E7
DELETE FROM HISTDATA WHERE PK=0 AND DATE='2017-08-29' AND OPEN=72.25E0 AND HIGHT=73.16000366210938E0 AND LOW=72.05000305175781E0 AND CLOSE=73.05000305175781E0 AND VOLUME=1.1478382E7
DELETE FROM HISTDATA WHERE PK=1 AND DATE='2017-09-01' AND OPEN=35.4900016784668E0 AND HIGHT=35.91999816894531E0 AND LOW=35.349998474121094E0 AND CLOSE=35.43000030517578E0 AND VOLUME=34943.0E0
DELETE FROM HISTDATA WHERE PK=0 AND DATE='2017-08-28' AND OPEN=73.05999755859375E0 AND HIGHT=73.08999633789062E0 AND LOW=72.55000305175781E0 AND CLOSE=72.83000183105469E0 AND VOLUME=1.4569715E7
DELETE FROM HISTDATA WHERE PK=1 AND DATE='2017-08-31' AND OPEN=35.5099983215332E0 AND HIGHT=35.650001525878906E0 AND LOW=35.18000030517578E0 AND CLOSE=35.4900016784668E0 AND VOLUME=46141.0E0
DELETE FROM HISTDATA WHERE PK=0 AND DATE='2017-08-25' AND OPEN=72.86000061035156E0 AND HIGHT=73.3499984741211E0 AND LOW=72.4800033569336E0 AND CLOSE=72.81999969482422E0 AND VOLUME=1.2794301E7
DELETE FROM HISTDATA WHERE PK=1 AND DATE='2017-08-30' AND OPEN=35.470001220703125E0 AND HIGHT=35.630001068115234E0 AND LOW=35.220001220703125E0 AND CLOSE=35.38999938964844E0 AND VOLUME=33622.0E0
DELETE FROM HISTDATA WHERE PK=0 AND DATE='2017-08-24' AND OPEN=72.73999786376953E0 AND HIGHT=72.86000061035156E0 AND LOW=72.06999969482422E0 AND CLOSE=72.69000244140625E0 AND VOLUME=1.7098282E7
DELETE FROM HISTDATA WHERE PK=1 AND DATE='2017-08-29' AND OPEN=35.349998474121094E0 AND HIGHT=35.72999954223633E0 AND LOW=35.25E0 AND CLOSE=35.369998931884766E0 AND VOLUME=60948.0E0
DELETE FROM HISTDATA WHERE PK=0 AND DATE='2017-08-23' AND OPEN=72.95999908447266E0 AND HIGHT=73.1500015258789E0 AND LOW=72.52999877929688E0 AND CLOSE=72.72000122070312E0 AND VOLUME=1.3766507E7
DELETE FROM HISTDATA WHERE PK=1 AND DATE='2017-08-28' AND OPEN=36.34000015258789E0 AND HIGHT=36.40999984741211E0 AND LOW=35.68000030517578E0 AND CLOSE=35.779998779296875E0 AND VOLUME=58227.0E0
DELETE FROM HISTDATA WHERE PK=0 AND DATE='2017-08-22' AND OPEN=72.3499984741211E0 AND HIGHT=73.23999786376953E0 AND LOW=72.3499984741211E0 AND CLOSE=73.16000366210938E0 AND VOLUME=1.4343674E7
DELETE FROM HISTDATA WHERE PK=1 AND DATE='2017-08-25' AND OPEN=36.0099983215332E0 AND HIGHT=36.540000915527344E0 AND LOW=36.0099983215332E0 AND CLOSE=36.209999084472656E0 AND VOLUME=47675.0E0
DELETE FROM HISTDATA WHERE PK=1 AND DATE='2017-08-24' AND OPEN=36.689998626708984E0 AND HIGHT=36.810001373291016E0 AND LOW=36.02000045776367E0 AND CLOSE=36.060001373291016E0 AND VOLUME=49507.0E0
DELETE FROM HISTDATA WHERE PK=1 AND DATE='2017-08-23' AND OPEN=36.45000076293945E0 AND HIGHT=36.91999816894531E0 AND LOW=36.45000076293945E0 AND CLOSE=36.720001220703125E0 AND VOLUME=43577.0E0
DELETE FROM HISTDATA WHERE PK=1 AND DATE='2017-08-22' AND OPEN=36.220001220703125E0 AND HIGHT=36.86000061035156E0 AND LOW=36.220001220703125E0 AND CLOSE=36.619998931884766E0 AND VOLUME=100633.0E0
DELETE FROM HISTDATA WHERE PK=1 AND DATE='2017-08-21' AND OPEN=35.90999984741211E0 AND HIGHT=36.220001220703125E0 AND LOW=35.81999969482422E0 AND CLOSE=35.9900016784668E0 AND VOLUME=64310.0E0
DELETE FROM HISTDATA WHERE PK=1 AND DATE='2017-08-18' AND OPEN=35.59000015258789E0 AND HIGHT=36.16999816894531E0 AND LOW=35.54999923706055E0 AND CLOSE=36.08000183105469E0 AND VOLUME=73480.0E0
DELETE FROM HISTDATA WHERE PK=1 AND DATE='2017-08-17' AND OPEN=36.709999084472656E0 AND HIGHT=36.849998474121094E0 AND LOW=35.7599983215332E0 AND CLOSE=35.779998779296875E0 AND VOLUME=93798.0E0
DELETE FROM HISTDATA WHERE PK=1 AND DATE='2017-08-16' AND OPEN=37.060001373291016E0 AND HIGHT=37.58000183105469E0 AND LOW=36.849998474121094E0 AND CLOSE=36.900001525878906E0 AND VOLUME=59323.0E0
DELETE FROM HISTDATA WHERE PK=1 AND DATE='2017-08-15' AND OPEN=37.349998474121094E0 AND HIGHT=37.38999938964844E0 AND LOW=36.97999954223633E0 AND CLOSE=37.04999923706055E0 AND VOLUME=50774.0E0
DELETE FROM HISTDATA WHERE PK=1 AND DATE='2017-08-14' AND OPEN=37.029998779296875E0 AND HIGHT=37.5E0 AND LOW=36.939998626708984E0 AND CLOSE=37.220001220703125E0 AND VOLUME=74861.0E0
DELETE FROM HISTDATA WHERE PK=1 AND DATE='2017-08-11' AND OPEN=36.86000061035156E0 AND HIGHT=37.25E0 AND LOW=36.41999816894531E0 AND CLOSE=36.65999984741211E0 AND VOLUME=169808.0E0
DELETE FROM HISTDATA WHERE PK=0 AND DATE='2017-08-21' AND OPEN=72.47000122070312E0 AND HIGHT=72.4800033569336E0 AND LOW=71.69999694824219E0 AND CLOSE=72.1500015258789E0 AND VOLUME=1.7734768E7
DELETE FROM HISTDATA WHERE PK=1 AND DATE='2017-08-10' AND OPEN=37.900001525878906E0 AND HIGHT=37.91999816894531E0 AND LOW=37.060001373291016E0 AND CLOSE=37.18000030517578E0 AND VOLUME=86273.0E0
DELETE FROM HISTDATA WHERE PK=0 AND DATE='2017-08-18' AND OPEN=72.2699966430664E0 AND HIGHT=72.83999633789062E0 AND LOW=71.93000030517578E0 AND CLOSE=72.48999786376953E0 AND VOLUME=1.8761492E7
DELETE FROM HISTDATA WHERE PK=1 AND DATE='2017-08-09' AND OPEN=38.599998474121094E0 AND HIGHT=38.790000915527344E0 AND LOW=37.119998931884766E0 AND CLOSE=38.040000915527344E0 AND VOLUME=132137.0E0
DELETE FROM HISTDATA WHERE PK=0 AND DATE='2017-08-17' AND OPEN=73.58000183105469E0 AND HIGHT=73.87000274658203E0 AND LOW=72.4000015258789E0 AND CLOSE=72.4000015258789E0 AND VOLUME=2.297752E7
DELETE FROM HISTDATA WHERE PK=1 AND DATE='2017-08-08' AND OPEN=38.83000183105469E0 AND HIGHT=39.560001373291016E0 AND LOW=38.63999938964844E0 AND CLOSE=38.709999084472656E0 AND VOLUME=65400.0E0
DELETE FROM HISTDATA WHERE PK=0 AND DATE='2017-08-16' AND OPEN=73.33999633789062E0 AND HIGHT=74.0999984741211E0 AND LOW=73.16999816894531E0 AND CLOSE=73.6500015258789E0 AND VOLUME=1.8150402E7
DELETE FROM HISTDATA WHERE PK=1 AND DATE='2017-08-07' AND OPEN=38.84000015258789E0 AND HIGHT=39.189998626708984E0 AND LOW=38.68000030517578E0 AND CLOSE=38.88999938964844E0 AND VOLUME=56439.0E0
DELETE FROM HISTDATA WHERE PK=0 AND DATE='2017-08-15' AND OPEN=73.58999633789062E0 AND HIGHT=73.58999633789062E0 AND LOW=73.04000091552734E0 AND CLOSE=73.22000122070312E0 AND VOLUME=1.9181402E7
DELETE FROM HISTDATA WHERE PK=1 AND DATE='2017-08-04' AND OPEN=38.619998931884766E0 AND HIGHT=39.06999969482422E0 AND LOW=38.5E0 AND CLOSE=38.83000183105469E0 AND VOLUME=56304.0E0
DELETE FROM HISTDATA WHERE PK=0 AND DATE='2017-08-14' AND OPEN=73.05999755859375E0 AND HIGHT=73.72000122070312E0 AND LOW=72.94999694824219E0 AND CLOSE=73.58999633789062E0 AND VOLUME=2.0096592E7
DELETE FROM HISTDATA WHERE PK=1 AND DATE='2017-08-03' AND OPEN=38.849998474121094E0 AND HIGHT=39.08000183105469E0 AND LOW=38.310001373291016E0 AND CLOSE=38.470001220703125E0 AND VOLUME=46712.0E0
DELETE FROM HISTDATA WHERE PK=0 AND DATE='2017-08-11' AND OPEN=71.61000061035156E0 AND HIGHT=72.69999694824219E0 AND LOW=71.27999877929688E0 AND CLOSE=72.5E0 AND VOLUME=2.1443676E7
DELETE FROM HISTDATA WHERE PK=1 AND DATE='2017-08-02' AND OPEN=39.31999969482422E0 AND HIGHT=39.40999984741211E0 AND LOW=38.400001525878906E0 AND CLOSE=38.970001220703125E0 AND VOLUME=37502.0E0
DELETE FROM HISTDATA WHERE PK=0 AND DATE='2017-08-10' AND OPEN=71.9000015258789E0 AND HIGHT=72.19000244140625E0 AND LOW=71.3499984741211E0 AND CLOSE=71.41000366210938E0 AND VOLUME=2.473446E7
DELETE FROM HISTDATA WHERE PK=1 AND DATE='2017-08-01' AND OPEN=39.52000045776367E0 AND HIGHT=39.689998626708984E0 AND LOW=39.08000183105469E0 AND CLOSE=39.189998626708984E0 AND VOLUME=49265.0E0
DELETE FROM HISTDATA WHERE PK=0 AND DATE='2017-08-09' AND OPEN=72.25E0 AND HIGHT=72.51000213623047E0 AND LOW=72.05000305175781E0 AND CLOSE=72.47000122070312E0 AND VOLUME=2.221341E7
DELETE FROM HISTDATA WHERE PK=1 AND DATE='2017-07-31' AND OPEN=39.0E0 AND HIGHT=39.709999084472656E0 AND LOW=38.599998474121094E0 AND CLOSE=39.130001068115234E0 AND VOLUME=71613.0E0
DELETE FROM HISTDATA WHERE PK=0 AND DATE='2017-08-08' AND OPEN=72.08999633789062E0 AND HIGHT=73.12999725341797E0 AND LOW=71.75E0 AND CLOSE=72.79000091552734E0 AND VOLUME=2.2044588E7
DELETE FROM HISTDATA WHERE PK=1 AND DATE='2017-07-28' AND OPEN=38.720001220703125E0 AND HIGHT=38.9900016784668E0 AND LOW=38.58000183105469E0 AND CLOSE=38.90999984741211E0 AND VOLUME=47293.0E0
DELETE FROM HISTDATA WHERE PK=0 AND DATE='2017-08-07' AND OPEN=72.80000305175781E0 AND HIGHT=72.9000015258789E0 AND LOW=72.26000213623047E0 AND CLOSE=72.4000015258789E0 AND VOLUME=1.870568E7
DELETE FROM HISTDATA WHERE PK=1 AND DATE='2017-07-27' AND OPEN=39.20000076293945E0 AND HIGHT=39.31999969482422E0 AND LOW=37.040000915527344E0 AND CLOSE=38.86000061035156E0 AND VOLUME=82370.0E0
DELETE FROM HISTDATA WHERE PK=0 AND DATE='2017-08-04' AND OPEN=72.4000015258789E0 AND HIGHT=73.04000091552734E0 AND LOW=72.23999786376953E0 AND CLOSE=72.68000030517578E0 AND VOLUME=2.2578952E7
DELETE FROM HISTDATA WHERE PK=1 AND DATE='2017-07-26' AND OPEN=39.0099983215332E0 AND HIGHT=39.439998626708984E0 AND LOW=38.709999084472656E0 AND CLOSE=39.11000061035156E0 AND VOLUME=57890.0E0
DELETE FROM HISTDATA WHERE PK=0 AND DATE='2017-08-03' AND OPEN=72.19000244140625E0 AND HIGHT=72.44000244140625E0 AND LOW=71.83999633789062E0 AND CLOSE=72.1500015258789E0 AND VOLUME=1.8214424E7
DELETE FROM HISTDATA WHERE PK=1 AND DATE='2017-07-25' AND OPEN=38.029998779296875E0 AND HIGHT=39.09000015258789E0 AND LOW=38.029998779296875E0 AND CLOSE=39.02000045776367E0 AND VOLUME=80889.0E0
DELETE FROM HISTDATA WHERE PK=0 AND DATE='2017-08-02' AND OPEN=72.55000305175781E0 AND HIGHT=72.55999755859375E0 AND LOW=71.44000244140625E0 AND CLOSE=72.26000213623047E0 AND VOLUME=2.6499158E7
DELETE FROM HISTDATA WHERE PK=1 AND DATE='2017-07-24' AND OPEN=37.79999923706055E0 AND HIGHT=38.11000061035156E0 AND LOW=37.70000076293945E0 AND CLOSE=37.81999969482422E0 AND VOLUME=46731.0E0
DELETE FROM HISTDATA WHERE PK=0 AND DATE='2017-08-01' AND OPEN=73.0999984741211E0 AND HIGHT=73.41999816894531E0 AND LOW=72.48999786376953E0 AND CLOSE=72.58000183105469E0 AND VOLUME=2.082389E7
DELETE FROM HISTDATA WHERE PK=1 AND DATE='2017-07-21' AND OPEN=38.31999969482422E0 AND HIGHT=38.31999969482422E0 AND LOW=37.66999816894531E0 AND CLOSE=37.790000915527344E0 AND VOLUME=39890.0E0
DELETE FROM HISTDATA WHERE PK=0 AND DATE='2017-07-31' AND OPEN=73.30000305175781E0 AND HIGHT=73.44000244140625E0 AND LOW=72.41000366210938E0 AND CLOSE=72.69999694824219E0 AND VOLUME=2.3600054E7
DELETE FROM HISTDATA WHERE PK=1 AND DATE='2017-07-20' AND OPEN=38.060001373291016E0 AND HIGHT=38.369998931884766E0 AND LOW=37.86000061035156E0 AND CLOSE=38.15999984741211E0 AND VOLUME=28499.0E0
DELETE FROM HISTDATA WHERE PK=0 AND DATE='2017-07-28' AND OPEN=72.66999816894531E0 AND HIGHT=73.30999755859375E0 AND LOW=72.54000091552734E0 AND CLOSE=73.04000091552734E0 AND VOLUME=1.830668E7
DELETE FROM HISTDATA WHERE PK=1 AND DATE='2017-07-19' AND OPEN=38.130001068115234E0 AND HIGHT=38.47999954223633E0 AND LOW=37.56999969482422E0 AND CLOSE=38.040000915527344E0 AND VOLUME=45037.0E0
DELETE FROM HISTDATA WHERE PK=0 AND DATE='2017-07-27' AND OPEN=73.76000213623047E0 AND HIGHT=74.41999816894531E0 AND LOW=72.31999969482422E0 AND CLOSE=73.16000366210938E0 AND VOLUME=3.684422E7
DELETE FROM HISTDATA WHERE PK=1 AND DATE='2017-07-18' AND OPEN=37.84000015258789E0 AND HIGHT=38.22999954223633E0 AND LOW=37.720001220703125E0 AND CLOSE=38.08000183105469E0 AND VOLUME=67985.0E0
DELETE FROM HISTDATA WHERE PK=0 AND DATE='2017-07-26' AND OPEN=74.33999633789062E0 AND HIGHT=74.37999725341797E0 AND LOW=73.80999755859375E0 AND CLOSE=74.05000305175781E0 AND VOLUME=1.6252233E7
DELETE FROM HISTDATA WHERE PK=0 AND DATE='2017-07-25' AND OPEN=73.80000305175781E0 AND HIGHT=74.30999755859375E0 AND LOW=73.5E0 AND CLOSE=74.19000244140625E0 AND VOLUME=2.201868E7
DELETE FROM HISTDATA WHERE PK=1 AND DATE='2017-07-17' AND OPEN=37.54999923706055E0 AND HIGHT=38.04999923706055E0 AND LOW=37.310001373291016E0 AND CLOSE=37.849998474121094E0 AND VOLUME=50028.0E0
DELETE FROM HISTDATA WHERE PK=0 AND DATE='2017-07-24' AND OPEN=73.52999877929688E0 AND HIGHT=73.75E0 AND LOW=73.12999725341797E0 AND CLOSE=73.5999984741211E0 AND VOLUME=2.1394826E7
DELETE FROM HISTDATA WHERE PK=1 AND DATE='2017-07-14' AND OPEN=37.900001525878906E0 AND HIGHT=37.959999084472656E0 AND LOW=37.58000183105469E0 AND CLOSE=37.65999984741211E0 AND VOLUME=55364.0E0
DELETE FROM HISTDATA WHERE PK=0 AND DATE='2017-07-21' AND OPEN=73.44999694824219E0 AND HIGHT=74.29000091552734E0 AND LOW=73.16999816894531E0 AND CLOSE=73.79000091552734E0 AND VOLUME=4.671708E7
DELETE FROM HISTDATA WHERE PK=1 AND DATE='2017-07-13' AND OPEN=38.22999954223633E0 AND HIGHT=38.290000915527344E0 AND LOW=37.93000030517578E0 AND CLOSE=38.06999969482422E0 AND VOLUME=54492.0E0
DELETE FROM HISTDATA WHERE PK=0 AND DATE='2017-07-20' AND OPEN=74.18000030517578E0 AND HIGHT=74.30000305175781E0 AND LOW=73.27999877929688E0 AND CLOSE=74.22000122070312E0 AND VOLUME=4.2361024E7
DELETE FROM HISTDATA WHERE PK=1 AND DATE='2017-07-12' AND OPEN=38.08000183105469E0 AND HIGHT=38.47999954223633E0 AND LOW=38.04999923706055E0 AND CLOSE=38.060001373291016E0 AND VOLUME=39191.0E0
DELETE FROM HISTDATA WHERE PK=0 AND DATE='2017-07-19' AND OPEN=73.5E0 AND HIGHT=74.04000091552734E0 AND LOW=73.44999694824219E0 AND CLOSE=73.86000061035156E0 AND VOLUME=2.2416222E7
DELETE FROM HISTDATA WHERE PK=1 AND DATE='2017-07-11' AND OPEN=37.900001525878906E0 AND HIGHT=38.08000183105469E0 AND LOW=37.459999084472656E0 AND CLOSE=38.04999923706055E0 AND VOLUME=61165.0E0
DELETE FROM HISTDATA WHERE PK=0 AND DATE='2017-07-18' AND OPEN=73.08999633789062E0 AND HIGHT=73.38999938964844E0 AND LOW=72.66000366210938E0 AND CLOSE=73.30000305175781E0 AND VOLUME=2.6435296E7
DELETE FROM HISTDATA WHERE PK=1 AND DATE='2017-07-10' AND OPEN=37.880001068115234E0 AND HIGHT=38.34000015258789E0 AND LOW=37.79999923706055E0 AND CLOSE=37.869998931884766E0 AND VOLUME=27455.0E0
DELETE FROM HISTDATA WHERE PK=0 AND DATE='2017-07-17' AND OPEN=72.80000305175781E0 AND HIGHT=73.44999694824219E0 AND LOW=72.72000122070312E0 AND CLOSE=73.3499984741211E0 AND VOLUME=2.1803908E7
DELETE FROM HISTDATA WHERE PK=1 AND DATE='2017-07-07' AND OPEN=37.790000915527344E0 AND HIGHT=38.2599983215332E0 AND LOW=37.650001525878906E0 AND CLOSE=38.08000183105469E0 AND VOLUME=29170.0E0
DELETE FROM HISTDATA WHERE PK=0 AND DATE='2017-07-14' AND OPEN=72.23999786376953E0 AND HIGHT=73.2699966430664E0 AND LOW=71.95999908447266E0 AND CLOSE=72.77999877929688E0 AND VOLUME=2.5868086E7
DELETE FROM HISTDATA WHERE PK=1 AND DATE='2017-07-06' AND OPEN=38.0099983215332E0 AND HIGHT=38.2400016784668E0 AND LOW=37.56999969482422E0 AND CLOSE=37.63999938964844E0 AND VOLUME=42972.0E0
DELETE FROM HISTDATA WHERE PK=0 AND DATE='2017-07-13' AND OPEN=71.5E0 AND HIGHT=72.04000091552734E0 AND LOW=71.30999755859375E0 AND CLOSE=71.7699966430664E0 AND VOLUME=2.0269816E7
DELETE FROM HISTDATA WHERE PK=1 AND DATE='2017-07-05' AND OPEN=38.33000183105469E0 AND HIGHT=38.349998474121094E0 AND LOW=37.810001373291016E0 AND CLOSE=38.20000076293945E0 AND VOLUME=49771.0E0
DELETE FROM HISTDATA WHERE PK=0 AND DATE='2017-07-12' AND OPEN=70.69000244140625E0 AND HIGHT=71.27999877929688E0 AND LOW=70.55000305175781E0 AND CLOSE=71.1500015258789E0 AND VOLUME=1.7750924E7
DELETE FROM HISTDATA WHERE PK=1 AND DATE='2017-07-03' AND OPEN=37.95000076293945E0 AND HIGHT=38.709999084472656E0 AND LOW=37.880001068115234E0 AND CLOSE=38.33000183105469E0 AND VOLUME=29101.0E0
DELETE FROM HISTDATA WHERE PK=0 AND DATE='2017-07-11' AND OPEN=70.11000061035156E0 AND HIGHT=70.68000030517578E0 AND LOW=69.75E0 AND CLOSE=69.98999786376953E0 AND VOLUME=1.7460022E7
DELETE FROM HISTDATA WHERE PK=1 AND DATE='2017-06-30' AND OPEN=38.5099983215332E0 AND HIGHT=38.5099983215332E0 AND LOW=37.689998626708984E0 AND CLOSE=37.7599983215332E0 AND VOLUME=64503.0E0
DELETE FROM HISTDATA WHERE PK=0 AND DATE='2017-07-10' AND OPEN=69.45999908447266E0 AND HIGHT=70.25E0 AND LOW=69.19999694824219E0 AND CLOSE=69.9800033569336E0 AND VOLUME=1.5014503E7
DELETE FROM HISTDATA WHERE PK=1 AND DATE='2017-06-29' AND OPEN=38.619998931884766E0 AND HIGHT=38.70000076293945E0 AND LOW=37.9900016784668E0 AND CLOSE=38.369998931884766E0 AND VOLUME=53023.0E0
DELETE FROM HISTDATA WHERE PK=0 AND DATE='2017-07-07' AND OPEN=68.69999694824219E0 AND HIGHT=69.83999633789062E0 AND LOW=68.69999694824219E0 AND CLOSE=69.45999908447266E0 AND VOLUME=1.6878316E7
DELETE FROM HISTDATA WHERE PK=1 AND DATE='2017-06-28' AND OPEN=38.22999954223633E0 AND HIGHT=38.83000183105469E0 AND LOW=38.22999954223633E0 AND CLOSE=38.349998474121094E0 AND VOLUME=50787.0E0
DELETE FROM HISTDATA WHERE PK=0 AND DATE='2017-07-06' AND OPEN=68.2699966430664E0 AND HIGHT=68.77999877929688E0 AND LOW=68.12000274658203E0 AND CLOSE=68.56999969482422E0 AND VOLUME=2.1117572E7
DELETE FROM HISTDATA WHERE PK=1 AND DATE='2017-06-27' AND OPEN=37.79999923706055E0 AND HIGHT=38.099998474121094E0 AND LOW=37.58000183105469E0 AND CLOSE=38.04999923706055E0 AND VOLUME=65772.0E0
DELETE FROM HISTDATA WHERE PK=0 AND DATE='2017-07-05' AND OPEN=68.26000213623047E0 AND HIGHT=69.44000244140625E0 AND LOW=68.22000122070312E0 AND CLOSE=69.08000183105469E0 AND VOLUME=2.1176272E7
DELETE FROM HISTDATA WHERE PK=1 AND DATE='2017-06-26' AND OPEN=38.13999938964844E0 AND HIGHT=38.38999938964844E0 AND LOW=37.65999984741211E0 AND CLOSE=37.970001220703125E0 AND VOLUME=73833.0E0
DELETE FROM HISTDATA WHERE PK=0 AND DATE='2017-07-03' AND OPEN=69.33000183105469E0 AND HIGHT=69.5999984741211E0 AND LOW=68.0199966430664E0 AND CLOSE=68.16999816894531E0 AND VOLUME=1.6165538E7
DELETE FROM HISTDATA WHERE PK=1 AND DATE='2017-06-23' AND OPEN=37.9900016784668E0 AND HIGHT=38.18000030517578E0 AND LOW=37.709999084472656E0 AND CLOSE=38.099998474121094E0 AND VOLUME=98396.0E0
DELETE FROM HISTDATA WHERE PK=0 AND DATE='2017-06-30' AND OPEN=68.77999877929688E0 AND HIGHT=69.37999725341797E0 AND LOW=68.73999786376953E0 AND CLOSE=68.93000030517578E0 AND VOLUME=2.4161068E7
DELETE FROM HISTDATA WHERE PK=1 AND DATE='2017-06-22' AND OPEN=37.88999938964844E0 AND HIGHT=38.0099983215332E0 AND LOW=37.439998626708984E0 AND CLOSE=37.849998474121094E0 AND VOLUME=55790.0E0
DELETE FROM HISTDATA WHERE PK=0 AND DATE='2017-06-29' AND OPEN=69.37999725341797E0 AND HIGHT=69.48999786376953E0 AND LOW=68.08999633789062E0 AND CLOSE=68.48999786376953E0 AND VOLUME=2.8918716E7
DELETE FROM HISTDATA WHERE PK=1 AND DATE='2017-06-21' AND OPEN=38.119998931884766E0 AND HIGHT=38.29999923706055E0 AND LOW=37.59000015258789E0 AND CLOSE=37.79999923706055E0 AND VOLUME=63507.0E0
DELETE FROM HISTDATA WHERE PK=0 AND DATE='2017-06-28' AND OPEN=69.20999908447266E0 AND HIGHT=69.83999633789062E0 AND LOW=68.79000091552734E0 AND CLOSE=69.80000305175781E0 AND VOLUME=2.58062E7
DELETE FROM HISTDATA WHERE PK=1 AND DATE='2017-06-20' AND OPEN=38.83000183105469E0 AND HIGHT=38.88999938964844E0 AND LOW=37.7400016784668E0 AND CLOSE=37.83000183105469E0 AND VOLUME=87068.0E0
DELETE FROM HISTDATA WHERE PK=0 AND DATE='2017-06-27' AND OPEN=70.11000061035156E0 AND HIGHT=70.18000030517578E0 AND LOW=69.18000030517578E0 AND CLOSE=69.20999908447266E0 AND VOLUME=2.5215128E7
DELETE FROM HISTDATA WHERE PK=1 AND DATE='2017-06-19' AND OPEN=37.970001220703125E0 AND HIGHT=39.369998931884766E0 AND LOW=37.66999816894531E0 AND CLOSE=38.86000061035156E0 AND VOLUME=174102.0E0
DELETE FROM HISTDATA WHERE PK=0 AND DATE='2017-06-26' AND OPEN=71.4000015258789E0 AND HIGHT=71.70999908447266E0 AND LOW=70.44000244140625E0 AND CLOSE=70.52999877929688E0 AND VOLUME=1.9606974E7
DELETE FROM HISTDATA WHERE PK=1 AND DATE='2017-06-16' AND OPEN=35.970001220703125E0 AND HIGHT=38.290000915527344E0 AND LOW=35.470001220703125E0 AND CLOSE=37.900001525878906E0 AND VOLUME=405178.0E0
DELETE FROM HISTDATA WHERE PK=0 AND DATE='2017-06-23' AND OPEN=70.08999633789062E0 AND HIGHT=71.25E0 AND LOW=69.91999816894531E0 AND CLOSE=71.20999908447266E0 AND VOLUME=2.7617292E7
DELETE FROM HISTDATA WHERE PK=1 AND DATE='2017-06-15' AND OPEN=36.0099983215332E0 AND HIGHT=36.59000015258789E0 AND LOW=36.0099983215332E0 AND CLOSE=36.2400016784668E0 AND VOLUME=42924.0E0
DELETE FROM HISTDATA WHERE PK=0 AND DATE='2017-06-22' AND OPEN=70.54000091552734E0 AND HIGHT=70.58999633789062E0 AND LOW=69.70999908447266E0 AND CLOSE=70.26000213623047E0 AND VOLUME=2.2965738E7
DELETE FROM HISTDATA WHERE PK=1 AND DATE='2017-06-14' AND OPEN=36.36000061035156E0 AND HIGHT=36.41999816894531E0 AND LOW=35.72999954223633E0 AND CLOSE=36.380001068115234E0 AND VOLUME=55499.0E0
DELETE FROM HISTDATA WHERE PK=0 AND DATE='2017-06-21' AND OPEN=70.20999908447266E0 AND HIGHT=70.62000274658203E0 AND LOW=69.94000244140625E0 AND CLOSE=70.2699966430664E0 AND VOLUME=1.9891052E7
DELETE FROM HISTDATA WHERE PK=1 AND DATE='2017-06-13' AND OPEN=36.31999969482422E0 AND HIGHT=36.52000045776367E0 AND LOW=36.06999969482422E0 AND CLOSE=36.45000076293945E0 AND VOLUME=28405.0E0
DELETE FROM HISTDATA WHERE PK=0 AND DATE='2017-06-20' AND OPEN=70.81999969482422E0 AND HIGHT=70.87000274658203E0 AND LOW=69.87000274658203E0 AND CLOSE=69.91000366210938E0 AND VOLUME=2.1512232E7
DELETE FROM HISTDATA WHERE PK=1 AND DATE='2017-06-12' AND OPEN=36.77000045776367E0 AND HIGHT=37.2400016784668E0 AND LOW=36.099998474121094E0 AND CLOSE=36.34000015258789E0 AND VOLUME=56648.0E0
DELETE FROM HISTDATA WHERE PK=0 AND DATE='2017-06-19' AND OPEN=70.5E0 AND HIGHT=70.94000244140625E0 AND LOW=70.3499984741211E0 AND CLOSE=70.87000274658203E0 AND VOLUME=2.3798268E7
DELETE FROM HISTDATA WHERE PK=1 AND DATE='2017-06-09' AND OPEN=36.630001068115234E0 AND HIGHT=36.91999816894531E0 AND LOW=36.11000061035156E0 AND CLOSE=36.779998779296875E0 AND VOLUME=94002.0E0
DELETE FROM HISTDATA WHERE PK=0 AND DATE='2017-06-16' AND OPEN=69.7300033569336E0 AND HIGHT=70.02999877929688E0 AND LOW=69.22000122070312E0 AND CLOSE=70.0E0 AND VOLUME=4.8345084E7
DELETE FROM HISTDATA WHERE PK=1 AND DATE='2017-06-08' AND OPEN=35.40999984741211E0 AND HIGHT=36.619998931884766E0 AND LOW=35.15999984741211E0 AND CLOSE=36.0099983215332E0 AND VOLUME=61751.0E0
DELETE FROM HISTDATA WHERE PK=0 AND DATE='2017-06-15' AND OPEN=69.2699966430664E0 AND HIGHT=70.20999908447266E0 AND LOW=68.80000305175781E0 AND CLOSE=69.9000015258789E0 AND VOLUME=2.6068708E7
DELETE FROM HISTDATA WHERE PK=1 AND DATE='2017-06-07' AND OPEN=35.0E0 AND HIGHT=35.4900016784668E0 AND LOW=34.900001525878906E0 AND CLOSE=35.33000183105469E0 AND VOLUME=62418.0E0
DELETE FROM HISTDATA WHERE PK=0 AND DATE='2017-06-14' AND OPEN=70.91000366210938E0 AND HIGHT=71.0999984741211E0 AND LOW=69.43000030517578E0 AND CLOSE=70.2699966430664E0 AND VOLUME=2.5510684E7
DELETE FROM HISTDATA WHERE PK=1 AND DATE='2017-06-06' AND OPEN=34.34000015258789E0 AND HIGHT=34.939998626708984E0 AND LOW=34.16999816894531E0 AND CLOSE=34.79999923706055E0 AND VOLUME=58996.0E0
DELETE FROM HISTDATA WHERE PK=0 AND DATE='2017-06-13' AND OPEN=70.0199966430664E0 AND HIGHT=70.81999969482422E0 AND LOW=69.95999908447266E0 AND CLOSE=70.6500015258789E0 AND VOLUME=2.5258614E7
DELETE FROM HISTDATA WHERE PK=1 AND DATE='2017-06-05' AND OPEN=34.33000183105469E0 AND HIGHT=34.65999984741211E0 AND LOW=34.150001525878906E0 AND CLOSE=34.59000015258789E0 AND VOLUME=64944.0E0
DELETE FROM HISTDATA WHERE PK=0 AND DATE='2017-06-12' AND OPEN=69.25E0 AND HIGHT=69.94000244140625E0 AND LOW=68.12999725341797E0 AND CLOSE=69.77999877929688E0 AND VOLUME=4.7761744E7
DELETE FROM HISTDATA WHERE PK=0 AND DATE='2017-06-09' AND OPEN=72.04000091552734E0 AND HIGHT=72.08000183105469E0 AND LOW=68.58999633789062E0 AND CLOSE=70.31999969482422E0 AND VOLUME=4.9187396E7
DELETE FROM HISTDATA WHERE PK=0 AND DATE='2017-06-08' AND OPEN=72.51000213623047E0 AND HIGHT=72.5199966430664E0 AND LOW=71.5E0 AND CLOSE=71.94999694824219E0 AND VOLUME=2.458827E7
DELETE FROM HISTDATA WHERE PK=0 AND DATE='2017-06-07' AND OPEN=72.63999938964844E0 AND HIGHT=72.7699966430664E0 AND LOW=71.94999694824219E0 AND CLOSE=72.38999938964844E0 AND VOLUME=2.2301764E7
DELETE FROM HISTDATA WHERE PK=0 AND DATE='2017-06-06' AND OPEN=72.30000305175781E0 AND HIGHT=72.62000274658203E0 AND LOW=72.2699966430664E0 AND CLOSE=72.5199966430664E0 AND VOLUME=3.1511064E7
DELETE FROM HISTDATA WHERE PK=0 AND DATE='2017-06-05' AND OPEN=71.97000122070312E0 AND HIGHT=72.88999938964844E0 AND LOW=71.80999755859375E0 AND CLOSE=72.27999877929688E0 AND VOLUME=3.331676E7
DELETE FROM HISTDATA WHERE PK=0 AND DATE='2017-06-02' AND OPEN=70.44000244140625E0 AND HIGHT=71.86000061035156E0 AND LOW=70.23999786376953E0 AND CLOSE=71.76000213623047E0 AND VOLUME=3.477026E7
DELETE FROM HISTDATA WHERE PK=0 AND DATE='2017-06-01' AND OPEN=70.23999786376953E0 AND HIGHT=70.61000061035156E0 AND LOW=69.44999694824219E0 AND CLOSE=70.0999984741211E0 AND VOLUME=2.16036E7
DELETE FROM HISTDATA WHERE PK=1 AND DATE='2017-06-02' AND OPEN=34.599998474121094E0 AND HIGHT=35.150001525878906E0 AND LOW=34.31999969482422E0 AND CLOSE=34.34000015258789E0 AND VOLUME=78702.0E0
DELETE FROM HISTDATA WHERE PK=1 AND DATE='2017-06-01' AND OPEN=34.630001068115234E0 AND HIGHT=34.959999084472656E0 AND LOW=34.38999938964844E0 AND CLOSE=34.599998474121094E0 AND VOLUME=58846.0E0
COMMIT
/*C6*/SET SCHEMA PUBLIC
INSERT INTO HISTDATA VALUES(1,'2017-09-01',35.4900016784668E0,35.91999816894531E0,35.349998474121094E0,35.43000030517578E0,34943.0E0)
COMMIT
INSERT INTO HISTDATA VALUES(1,'2017-08-31',35.5099983215332E0,35.650001525878906E0,35.18000030517578E0,35.4900016784668E0,46141.0E0)
COMMIT
INSERT INTO HISTDATA VALUES(1,'2017-08-30',35.470001220703125E0,35.630001068115234E0,35.220001220703125E0,35.38999938964844E0,33622.0E0)
COMMIT
INSERT INTO HISTDATA VALUES(1,'2017-08-29',35.349998474121094E0,35.72999954223633E0,35.25E0,35.369998931884766E0,60948.0E0)
COMMIT
INSERT INTO HISTDATA VALUES(1,'2017-08-28',36.34000015258789E0,36.40999984741211E0,35.68000030517578E0,35.779998779296875E0,58227.0E0)
COMMIT
INSERT INTO HISTDATA VALUES(1,'2017-08-25',36.0099983215332E0,36.540000915527344E0,36.0099983215332E0,36.209999084472656E0,47675.0E0)
COMMIT
INSERT INTO HISTDATA VALUES(1,'2017-08-24',36.689998626708984E0,36.810001373291016E0,36.02000045776367E0,36.060001373291016E0,49507.0E0)
COMMIT
INSERT INTO HISTDATA VALUES(1,'2017-08-23',36.45000076293945E0,36.91999816894531E0,36.45000076293945E0,36.720001220703125E0,43577.0E0)
COMMIT
INSERT INTO HISTDATA VALUES(1,'2017-08-22',36.220001220703125E0,36.86000061035156E0,36.220001220703125E0,36.619998931884766E0,100633.0E0)
COMMIT
INSERT INTO HISTDATA VALUES(1,'2017-08-21',35.90999984741211E0,36.220001220703125E0,35.81999969482422E0,35.9900016784668E0,64310.0E0)
COMMIT
INSERT INTO HISTDATA VALUES(1,'2017-08-18',35.59000015258789E0,36.16999816894531E0,35.54999923706055E0,36.08000183105469E0,73480.0E0)
COMMIT
INSERT INTO HISTDATA VALUES(1,'2017-08-17',36.709999084472656E0,36.849998474121094E0,35.7599983215332E0,35.779998779296875E0,93798.0E0)
COMMIT
INSERT INTO HISTDATA VALUES(1,'2017-08-16',37.060001373291016E0,37.58000183105469E0,36.849998474121094E0,36.900001525878906E0,59323.0E0)
COMMIT
INSERT INTO HISTDATA VALUES(1,'2017-08-15',37.349998474121094E0,37.38999938964844E0,36.97999954223633E0,37.04999923706055E0,50774.0E0)
COMMIT
INSERT INTO HISTDATA VALUES(1,'2017-08-14',37.029998779296875E0,37.5E0,36.939998626708984E0,37.220001220703125E0,74861.0E0)
COMMIT
INSERT INTO HISTDATA VALUES(1,'2017-08-11',36.86000061035156E0,37.25E0,36.41999816894531E0,36.65999984741211E0,169808.0E0)
COMMIT
INSERT INTO HISTDATA VALUES(1,'2017-08-10',37.900001525878906E0,37.91999816894531E0,37.060001373291016E0,37.18000030517578E0,86273.0E0)
COMMIT
INSERT INTO HISTDATA VALUES(1,'2017-08-09',38.599998474121094E0,38.790000915527344E0,37.119998931884766E0,38.040000915527344E0,132137.0E0)
COMMIT
INSERT INTO HISTDATA VALUES(1,'2017-08-08',38.83000183105469E0,39.560001373291016E0,38.63999938964844E0,38.709999084472656E0,65400.0E0)
COMMIT
INSERT INTO HISTDATA VALUES(1,'2017-08-07',38.84000015258789E0,39.189998626708984E0,38.68000030517578E0,38.88999938964844E0,56439.0E0)
COMMIT
INSERT INTO HISTDATA VALUES(1,'2017-08-04',38.619998931884766E0,39.06999969482422E0,38.5E0,38.83000183105469E0,56304.0E0)
COMMIT
INSERT INTO HISTDATA VALUES(1,'2017-08-03',38.849998474121094E0,39.08000183105469E0,38.310001373291016E0,38.470001220703125E0,46712.0E0)
COMMIT
INSERT INTO HISTDATA VALUES(1,'2017-08-02',39.31999969482422E0,39.40999984741211E0,38.400001525878906E0,38.970001220703125E0,37502.0E0)
COMMIT
INSERT INTO HISTDATA VALUES(1,'2017-08-01',39.52000045776367E0,39.689998626708984E0,39.08000183105469E0,39.189998626708984E0,49265.0E0)
COMMIT
INSERT INTO HISTDATA VALUES(1,'2017-07-31',39.0E0,39.709999084472656E0,38.599998474121094E0,39.130001068115234E0,71613.0E0)
COMMIT
INSERT INTO HISTDATA VALUES(1,'2017-07-28',38.720001220703125E0,38.9900016784668E0,38.58000183105469E0,38.90999984741211E0,47293.0E0)
COMMIT
INSERT INTO HISTDATA VALUES(1,'2017-07-27',39.20000076293945E0,39.31999969482422E0,37.040000915527344E0,38.86000061035156E0,82370.0E0)
COMMIT
INSERT INTO HISTDATA VALUES(1,'2017-07-26',39.0099983215332E0,39.439998626708984E0,38.709999084472656E0,39.11000061035156E0,57890.0E0)
COMMIT
INSERT INTO HISTDATA VALUES(1,'2017-07-25',38.029998779296875E0,39.09000015258789E0,38.029998779296875E0,39.02000045776367E0,80889.0E0)
COMMIT
INSERT INTO HISTDATA VALUES(1,'2017-07-24',37.79999923706055E0,38.11000061035156E0,37.70000076293945E0,37.81999969482422E0,46731.0E0)
COMMIT
INSERT INTO HISTDATA VALUES(1,'2017-07-21',38.31999969482422E0,38.31999969482422E0,37.66999816894531E0,37.790000915527344E0,39890.0E0)
COMMIT
INSERT INTO HISTDATA VALUES(1,'2017-07-20',38.060001373291016E0,38.369998931884766E0,37.86000061035156E0,38.15999984741211E0,28499.0E0)
COMMIT
INSERT INTO HISTDATA VALUES(1,'2017-07-19',38.130001068115234E0,38.47999954223633E0,37.56999969482422E0,38.040000915527344E0,45037.0E0)
COMMIT
INSERT INTO HISTDATA VALUES(1,'2017-07-18',37.84000015258789E0,38.22999954223633E0,37.720001220703125E0,38.08000183105469E0,67985.0E0)
COMMIT
INSERT INTO HISTDATA VALUES(1,'2017-07-17',37.54999923706055E0,38.04999923706055E0,37.310001373291016E0,37.849998474121094E0,50028.0E0)
COMMIT
INSERT INTO HISTDATA VALUES(1,'2017-07-14',37.900001525878906E0,37.959999084472656E0,37.58000183105469E0,37.65999984741211E0,55364.0E0)
COMMIT
INSERT INTO HISTDATA VALUES(1,'2017-07-13',38.22999954223633E0,38.290000915527344E0,37.93000030517578E0,38.06999969482422E0,54492.0E0)
COMMIT
INSERT INTO HISTDATA VALUES(1,'2017-07-12',38.08000183105469E0,38.47999954223633E0,38.04999923706055E0,38.060001373291016E0,39191.0E0)
COMMIT
INSERT INTO HISTDATA VALUES(1,'2017-07-11',37.900001525878906E0,38.08000183105469E0,37.459999084472656E0,38.04999923706055E0,61165.0E0)
COMMIT
INSERT INTO HISTDATA VALUES(1,'2017-07-10',37.880001068115234E0,38.34000015258789E0,37.79999923706055E0,37.869998931884766E0,27455.0E0)
COMMIT
INSERT INTO HISTDATA VALUES(1,'2017-07-07',37.790000915527344E0,38.2599983215332E0,37.650001525878906E0,38.08000183105469E0,29170.0E0)
COMMIT
INSERT INTO HISTDATA VALUES(1,'2017-07-06',38.0099983215332E0,38.2400016784668E0,37.56999969482422E0,37.63999938964844E0,42972.0E0)
COMMIT
INSERT INTO HISTDATA VALUES(1,'2017-07-05',38.33000183105469E0,38.349998474121094E0,37.810001373291016E0,38.20000076293945E0,49771.0E0)
COMMIT
INSERT INTO HISTDATA VALUES(1,'2017-07-03',37.95000076293945E0,38.709999084472656E0,37.880001068115234E0,38.33000183105469E0,29101.0E0)
COMMIT
INSERT INTO HISTDATA VALUES(1,'2017-06-30',38.5099983215332E0,38.5099983215332E0,37.689998626708984E0,37.7599983215332E0,64503.0E0)
COMMIT
INSERT INTO HISTDATA VALUES(1,'2017-06-29',38.619998931884766E0,38.70000076293945E0,37.9900016784668E0,38.369998931884766E0,53023.0E0)
COMMIT
INSERT INTO HISTDATA VALUES(1,'2017-06-28',38.22999954223633E0,38.83000183105469E0,38.22999954223633E0,38.349998474121094E0,50787.0E0)
COMMIT
/*C5*/INSERT INTO HISTDATA VALUES(0,'2017-09-01',74.70999908447266E0,74.73999786376953E0,73.63999938964844E0,73.94000244140625E0,2.173616E7)
COMMIT
/*C6*/INSERT INTO HISTDATA VALUES(1,'2017-06-27',37.79999923706055E0,38.099998474121094E0,37.58000183105469E0,38.04999923706055E0,65772.0E0)
COMMIT
INSERT INTO HISTDATA VALUES(1,'2017-06-26',38.13999938964844E0,38.38999938964844E0,37.65999984741211E0,37.970001220703125E0,73833.0E0)
COMMIT
INSERT INTO HISTDATA VALUES(1,'2017-06-23',37.9900016784668E0,38.18000030517578E0,37.709999084472656E0,38.099998474121094E0,98396.0E0)
COMMIT
INSERT INTO HISTDATA VALUES(1,'2017-06-22',37.88999938964844E0,38.0099983215332E0,37.439998626708984E0,37.849998474121094E0,55790.0E0)
COMMIT
/*C5*/INSERT INTO HISTDATA VALUES(0,'2017-08-31',74.02999877929688E0,74.95999908447266E0,73.80000305175781E0,74.7699966430664E0,2.7652812E7)
COMMIT
/*C6*/INSERT INTO HISTDATA VALUES(1,'2017-06-21',38.119998931884766E0,38.29999923706055E0,37.59000015258789E0,37.79999923706055E0,63507.0E0)
COMMIT
INSERT INTO HISTDATA VALUES(1,'2017-06-20',38.83000183105469E0,38.88999938964844E0,37.7400016784668E0,37.83000183105469E0,87068.0E0)
COMMIT
INSERT INTO HISTDATA VALUES(1,'2017-06-19',37.970001220703125E0,39.369998931884766E0,37.66999816894531E0,38.86000061035156E0,174102.0E0)
COMMIT
INSERT INTO HISTDATA VALUES(1,'2017-06-16',35.970001220703125E0,38.290000915527344E0,35.470001220703125E0,37.900001525878906E0,405178.0E0)
COMMIT
INSERT INTO HISTDATA VALUES(1,'2017-06-15',36.0099983215332E0,36.59000015258789E0,36.0099983215332E0,36.2400016784668E0,42924.0E0)
COMMIT
INSERT INTO HISTDATA VALUES(1,'2017-06-14',36.36000061035156E0,36.41999816894531E0,35.72999954223633E0,36.380001068115234E0,55499.0E0)
COMMIT
/*C5*/INSERT INTO HISTDATA VALUES(0,'2017-08-30',73.01000213623047E0,74.20999908447266E0,72.83000183105469E0,74.01000213623047E0,1.68978E7)
COMMIT
/*C6*/INSERT INTO HISTDATA VALUES(1,'2017-06-13',36.31999969482422E0,36.52000045776367E0,36.06999969482422E0,36.45000076293945E0,28405.0E0)
COMMIT
/*C5*/INSERT INTO HISTDATA VALUES(0,'2017-08-29',72.25E0,73.16000366210938E0,72.05000305175781E0,73.05000305175781E0,1.1478382E7)
COMMIT
/*C6*/INSERT INTO HISTDATA VALUES(1,'2017-06-12',36.77000045776367E0,37.2400016784668E0,36.099998474121094E0,36.34000015258789E0,56648.0E0)
COMMIT
/*C5*/INSERT INTO HISTDATA VALUES(0,'2017-08-28',73.05999755859375E0,73.08999633789062E0,72.55000305175781E0,72.83000183105469E0,1.4569715E7)
COMMIT
/*C6*/INSERT INTO HISTDATA VALUES(1,'2017-06-09',36.630001068115234E0,36.91999816894531E0,36.11000061035156E0,36.779998779296875E0,94002.0E0)
COMMIT
/*C5*/INSERT INTO HISTDATA VALUES(0,'2017-08-25',72.86000061035156E0,73.3499984741211E0,72.4800033569336E0,72.81999969482422E0,1.2794301E7)
COMMIT
/*C6*/INSERT INTO HISTDATA VALUES(1,'2017-06-08',35.40999984741211E0,36.619998931884766E0,35.15999984741211E0,36.0099983215332E0,61751.0E0)
COMMIT
/*C5*/INSERT INTO HISTDATA VALUES(0,'2017-08-24',72.73999786376953E0,72.86000061035156E0,72.06999969482422E0,72.69000244140625E0,1.7098282E7)
COMMIT
/*C6*/INSERT INTO HISTDATA VALUES(1,'2017-06-07',35.0E0,35.4900016784668E0,34.900001525878906E0,35.33000183105469E0,62418.0E0)
COMMIT
/*C5*/INSERT INTO HISTDATA VALUES(0,'2017-08-23',72.95999908447266E0,73.1500015258789E0,72.52999877929688E0,72.72000122070312E0,1.3766507E7)
COMMIT
/*C6*/INSERT INTO HISTDATA VALUES(1,'2017-06-06',34.34000015258789E0,34.939998626708984E0,34.16999816894531E0,34.79999923706055E0,58996.0E0)
COMMIT
/*C5*/INSERT INTO HISTDATA VALUES(0,'2017-08-22',72.3499984741211E0,73.23999786376953E0,72.3499984741211E0,73.16000366210938E0,1.4343674E7)
COMMIT
/*C6*/INSERT INTO HISTDATA VALUES(1,'2017-06-05',34.33000183105469E0,34.65999984741211E0,34.150001525878906E0,34.59000015258789E0,64944.0E0)
COMMIT
/*C5*/INSERT INTO HISTDATA VALUES(0,'2017-08-21',72.47000122070312E0,72.4800033569336E0,71.69999694824219E0,72.1500015258789E0,1.7734768E7)
COMMIT
/*C6*/INSERT INTO HISTDATA VALUES(1,'2017-06-02',34.599998474121094E0,35.150001525878906E0,34.31999969482422E0,34.34000015258789E0,78702.0E0)
COMMIT
/*C5*/INSERT INTO HISTDATA VALUES(0,'2017-08-18',72.2699966430664E0,72.83999633789062E0,71.93000030517578E0,72.48999786376953E0,1.8761492E7)
COMMIT
/*C6*/INSERT INTO HISTDATA VALUES(1,'2017-06-01',34.630001068115234E0,34.959999084472656E0,34.38999938964844E0,34.599998474121094E0,58846.0E0)
COMMIT
/*C5*/INSERT INTO HISTDATA VALUES(0,'2017-08-17',73.58000183105469E0,73.87000274658203E0,72.4000015258789E0,72.4000015258789E0,2.297752E7)
COMMIT
INSERT INTO HISTDATA VALUES(0,'2017-08-16',73.33999633789062E0,74.0999984741211E0,73.16999816894531E0,73.6500015258789E0,1.8150402E7)
COMMIT
INSERT INTO HISTDATA VALUES(0,'2017-08-15',73.58999633789062E0,73.58999633789062E0,73.04000091552734E0,73.22000122070312E0,1.9181402E7)
COMMIT
INSERT INTO HISTDATA VALUES(0,'2017-08-14',73.05999755859375E0,73.72000122070312E0,72.94999694824219E0,73.58999633789062E0,2.0096592E7)
COMMIT
INSERT INTO HISTDATA VALUES(0,'2017-08-11',71.61000061035156E0,72.69999694824219E0,71.27999877929688E0,72.5E0,2.1443676E7)
COMMIT
INSERT INTO HISTDATA VALUES(0,'2017-08-10',71.9000015258789E0,72.19000244140625E0,71.3499984741211E0,71.41000366210938E0,2.473446E7)
COMMIT
INSERT INTO HISTDATA VALUES(0,'2017-08-09',72.25E0,72.51000213623047E0,72.05000305175781E0,72.47000122070312E0,2.221341E7)
COMMIT
INSERT INTO HISTDATA VALUES(0,'2017-08-08',72.08999633789062E0,73.12999725341797E0,71.75E0,72.79000091552734E0,2.2044588E7)
COMMIT
INSERT INTO HISTDATA VALUES(0,'2017-08-07',72.80000305175781E0,72.9000015258789E0,72.26000213623047E0,72.4000015258789E0,1.870568E7)
COMMIT
INSERT INTO HISTDATA VALUES(0,'2017-08-04',72.4000015258789E0,73.04000091552734E0,72.23999786376953E0,72.68000030517578E0,2.2578952E7)
COMMIT
INSERT INTO HISTDATA VALUES(0,'2017-08-03',72.19000244140625E0,72.44000244140625E0,71.83999633789062E0,72.1500015258789E0,1.8214424E7)
COMMIT
INSERT INTO HISTDATA VALUES(0,'2017-08-02',72.55000305175781E0,72.55999755859375E0,71.44000244140625E0,72.26000213623047E0,2.6499158E7)
COMMIT
INSERT INTO HISTDATA VALUES(0,'2017-08-01',73.0999984741211E0,73.41999816894531E0,72.48999786376953E0,72.58000183105469E0,2.082389E7)
COMMIT
INSERT INTO HISTDATA VALUES(0,'2017-07-31',73.30000305175781E0,73.44000244140625E0,72.41000366210938E0,72.69999694824219E0,2.3600054E7)
COMMIT
INSERT INTO HISTDATA VALUES(0,'2017-07-28',72.66999816894531E0,73.30999755859375E0,72.54000091552734E0,73.04000091552734E0,1.830668E7)
COMMIT
INSERT INTO HISTDATA VALUES(0,'2017-07-27',73.76000213623047E0,74.41999816894531E0,72.31999969482422E0,73.16000366210938E0,3.684422E7)
COMMIT
INSERT INTO HISTDATA VALUES(0,'2017-07-26',74.33999633789062E0,74.37999725341797E0,73.80999755859375E0,74.05000305175781E0,1.6252233E7)
COMMIT
INSERT INTO HISTDATA VALUES(0,'2017-07-25',73.80000305175781E0,74.30999755859375E0,73.5E0,74.19000244140625E0,2.201868E7)
COMMIT
INSERT INTO HISTDATA VALUES(0,'2017-07-24',73.52999877929688E0,73.75E0,73.12999725341797E0,73.5999984741211E0,2.1394826E7)
COMMIT
INSERT INTO HISTDATA VALUES(0,'2017-07-21',73.44999694824219E0,74.29000091552734E0,73.16999816894531E0,73.79000091552734E0,4.671708E7)
COMMIT
INSERT INTO HISTDATA VALUES(0,'2017-07-20',74.18000030517578E0,74.30000305175781E0,73.27999877929688E0,74.22000122070312E0,4.2361024E7)
COMMIT
INSERT INTO HISTDATA VALUES(0,'2017-07-19',73.5E0,74.04000091552734E0,73.44999694824219E0,73.86000061035156E0,2.2416222E7)
COMMIT
INSERT INTO HISTDATA VALUES(0,'2017-07-18',73.08999633789062E0,73.38999938964844E0,72.66000366210938E0,73.30000305175781E0,2.6435296E7)
COMMIT
INSERT INTO HISTDATA VALUES(0,'2017-07-17',72.80000305175781E0,73.44999694824219E0,72.72000122070312E0,73.3499984741211E0,2.1803908E7)
COMMIT
INSERT INTO HISTDATA VALUES(0,'2017-07-14',72.23999786376953E0,73.2699966430664E0,71.95999908447266E0,72.77999877929688E0,2.5868086E7)
COMMIT
INSERT INTO HISTDATA VALUES(0,'2017-07-13',71.5E0,72.04000091552734E0,71.30999755859375E0,71.7699966430664E0,2.0269816E7)
COMMIT
INSERT INTO HISTDATA VALUES(0,'2017-07-12',70.69000244140625E0,71.27999877929688E0,70.55000305175781E0,71.1500015258789E0,1.7750924E7)
COMMIT
INSERT INTO HISTDATA VALUES(0,'2017-07-11',70.11000061035156E0,70.68000030517578E0,69.75E0,69.98999786376953E0,1.7460022E7)
COMMIT
INSERT INTO HISTDATA VALUES(0,'2017-07-10',69.45999908447266E0,70.25E0,69.19999694824219E0,69.9800033569336E0,1.5014503E7)
COMMIT
INSERT INTO HISTDATA VALUES(0,'2017-07-07',68.69999694824219E0,69.83999633789062E0,68.69999694824219E0,69.45999908447266E0,1.6878316E7)
COMMIT
INSERT INTO HISTDATA VALUES(0,'2017-07-06',68.2699966430664E0,68.77999877929688E0,68.12000274658203E0,68.56999969482422E0,2.1117572E7)
COMMIT
INSERT INTO HISTDATA VALUES(0,'2017-07-05',68.26000213623047E0,69.44000244140625E0,68.22000122070312E0,69.08000183105469E0,2.1176272E7)
COMMIT
INSERT INTO HISTDATA VALUES(0,'2017-07-03',69.33000183105469E0,69.5999984741211E0,68.0199966430664E0,68.16999816894531E0,1.6165538E7)
COMMIT
INSERT INTO HISTDATA VALUES(0,'2017-06-30',68.77999877929688E0,69.37999725341797E0,68.73999786376953E0,68.93000030517578E0,2.4161068E7)
COMMIT
INSERT INTO HISTDATA VALUES(0,'2017-06-29',69.37999725341797E0,69.48999786376953E0,68.08999633789062E0,68.48999786376953E0,2.8918716E7)
COMMIT
INSERT INTO HISTDATA VALUES(0,'2017-06-28',69.20999908447266E0,69.83999633789062E0,68.79000091552734E0,69.80000305175781E0,2.58062E7)
COMMIT
INSERT INTO HISTDATA VALUES(0,'2017-06-27',70.11000061035156E0,70.18000030517578E0,69.18000030517578E0,69.20999908447266E0,2.5215128E7)
COMMIT
INSERT INTO HISTDATA VALUES(0,'2017-06-26',71.4000015258789E0,71.70999908447266E0,70.44000244140625E0,70.52999877929688E0,1.9606974E7)
COMMIT
INSERT INTO HISTDATA VALUES(0,'2017-06-23',70.08999633789062E0,71.25E0,69.91999816894531E0,71.20999908447266E0,2.7617292E7)
COMMIT
INSERT INTO HISTDATA VALUES(0,'2017-06-22',70.54000091552734E0,70.58999633789062E0,69.70999908447266E0,70.26000213623047E0,2.2965738E7)
COMMIT
INSERT INTO HISTDATA VALUES(0,'2017-06-21',70.20999908447266E0,70.62000274658203E0,69.94000244140625E0,70.2699966430664E0,1.9891052E7)
COMMIT
INSERT INTO HISTDATA VALUES(0,'2017-06-20',70.81999969482422E0,70.87000274658203E0,69.87000274658203E0,69.91000366210938E0,2.1512232E7)
COMMIT
INSERT INTO HISTDATA VALUES(0,'2017-06-19',70.5E0,70.94000244140625E0,70.3499984741211E0,70.87000274658203E0,2.3798268E7)
COMMIT
INSERT INTO HISTDATA VALUES(0,'2017-06-16',69.7300033569336E0,70.02999877929688E0,69.22000122070312E0,70.0E0,4.8345084E7)
COMMIT
INSERT INTO HISTDATA VALUES(0,'2017-06-15',69.2699966430664E0,70.20999908447266E0,68.80000305175781E0,69.9000015258789E0,2.6068708E7)
COMMIT
INSERT INTO HISTDATA VALUES(0,'2017-06-14',70.91000366210938E0,71.0999984741211E0,69.43000030517578E0,70.2699966430664E0,2.5510684E7)
COMMIT
INSERT INTO HISTDATA VALUES(0,'2017-06-13',70.0199966430664E0,70.81999969482422E0,69.95999908447266E0,70.6500015258789E0,2.5258614E7)
COMMIT
INSERT INTO HISTDATA VALUES(0,'2017-06-12',69.25E0,69.94000244140625E0,68.12999725341797E0,69.77999877929688E0,4.7761744E7)
COMMIT
INSERT INTO HISTDATA VALUES(0,'2017-06-09',72.04000091552734E0,72.08000183105469E0,68.58999633789062E0,70.31999969482422E0,4.9187396E7)
COMMIT
INSERT INTO HISTDATA VALUES(0,'2017-06-08',72.51000213623047E0,72.5199966430664E0,71.5E0,71.94999694824219E0,2.458827E7)
COMMIT
INSERT INTO HISTDATA VALUES(0,'2017-06-07',72.63999938964844E0,72.7699966430664E0,71.94999694824219E0,72.38999938964844E0,2.2301764E7)
COMMIT
INSERT INTO HISTDATA VALUES(0,'2017-06-06',72.30000305175781E0,72.62000274658203E0,72.2699966430664E0,72.5199966430664E0,3.1511064E7)
COMMIT
INSERT INTO HISTDATA VALUES(0,'2017-06-05',71.97000122070312E0,72.88999938964844E0,71.80999755859375E0,72.27999877929688E0,3.331676E7)
COMMIT
INSERT INTO HISTDATA VALUES(0,'2017-06-02',70.44000244140625E0,71.86000061035156E0,70.23999786376953E0,71.76000213623047E0,3.477026E7)
COMMIT
INSERT INTO HISTDATA VALUES(0,'2017-06-01',70.23999786376953E0,70.61000061035156E0,69.44999694824219E0,70.0999984741211E0,2.16036E7)
COMMIT
